<?xml version="1.0" encoding="UTF-8"?>
<testng-results skipped="0" failed="0" ignored="0" total="1" passed="1">
  <reporter-output>
  </reporter-output>
  <suite name="Default suite" duration-ms="3408" started-at="2017-09-26T17:22:17Z" finished-at="2017-09-26T17:22:20Z">
    <groups>
    </groups>
    <test name="Default test" duration-ms="3408" started-at="2017-09-26T17:22:17Z" finished-at="2017-09-26T17:22:20Z">
      <class name="Domilexus.Login">
        <test-method status="PASS" signature="testLogin()[pri:0, instance:Domilexus.Login@6574a52c]" name="testLogin" duration-ms="3361" started-at="2017-09-26T20:22:17Z" finished-at="2017-09-26T20:22:20Z">
          <reporter-output>
          </reporter-output>
        </test-method> <!-- testLogin -->
      </class> <!-- Domilexus.Login -->
    </test> <!-- Default test -->
  </suite> <!-- Default suite -->
</testng-results>
